# JRE version: Java(TM) SE Runtime Environment (8.0_45-b14) (build 1.8.0_45-b14)
# Java VM: Java HotSpot(TM) 64-Bit Server VM (25.45-b02 mixed mode windows-amd64 compressed oops)
Heap:
 PSYoungGen      total 146944K, used 64120K [0x00000000daf00000, 0x00000000e5180000, 0x0000000100000000)
  eden space 138752K, 46% used [0x00000000daf00000,0x00000000ded9e350,0x00000000e3680000)
  from space 8192K, 0% used [0x00000000e4980000,0x00000000e4980000,0x00000000e5180000)
  to   space 13824K, 0% used [0x00000000e3680000,0x00000000e3680000,0x00000000e4400000)
 ParOldGen       total 77824K, used 16264K [0x0000000090c00000, 0x0000000095800000, 0x00000000daf00000)
  object space 77824K, 20% used [0x0000000090c00000,0x0000000091be20d0,0x0000000095800000)
 Metaspace       used 36414K, capacity 38318K, committed 38616K, reserved 1083392K
  class space    used 4651K, capacity 4969K, committed 5080K, reserved 1048576K
GC Heap History (10 events):
Event: 13.075 GC heap before
{Heap before GC invocations=7 (full 1):
 PSYoungGen      total 61952K, used 61936K [0x00000000daf00000, 0x00000000e1a80000, 0x0000000100000000)
  eden space 57344K, 100% used [0x00000000daf00000,0x00000000de700000,0x00000000de700000)
  from space 4608K, 99% used [0x00000000de700000,0x00000000deb7c108,0x00000000deb80000)
  to   space 8704K, 0% used [0x00000000e1200000,0x00000000e1200000,0x00000000e1a80000)
 ParOldGen       total 48640K, used 7409K [0x0000000090c00000, 0x0000000093b80000, 0x00000000daf00000)
  object space 48640K, 15% used [0x0000000090c00000,0x000000009133c728,0x0000000093b80000)
 Metaspace       used 31480K, capacity 32782K, committed 33024K, reserved 1077248K
  class space    used 4041K, capacity 4306K, committed 4352K, reserved 1048576K
Event: 13.113 GC heap after
Heap after GC invocations=7 (full 1):
 PSYoungGen      total 98304K, used 8702K [0x00000000daf00000, 0x00000000e1e00000, 0x0000000100000000)
  eden space 89600K, 0% used [0x00000000daf00000,0x00000000daf00000,0x00000000e0680000)
  from space 8704K, 99% used [0x00000000e1200000,0x00000000e1a7f990,0x00000000e1a80000)
  to   space 11776K, 0% used [0x00000000e0680000,0x00000000e0680000,0x00000000e1200000)
 ParOldGen       total 48640K, used 11501K [0x0000000090c00000, 0x0000000093b80000, 0x00000000daf00000)
  object space 48640K, 23% used [0x0000000090c00000,0x000000009173b430,0x0000000093b80000)
 Metaspace       used 31480K, capacity 32782K, committed 33024K, reserved 1077248K
  class space    used 4041K, capacity 4306K, committed 4352K, reserved 1048576K
}
Event: 14.257 GC heap before
{Heap before GC invocations=8 (full 1):
 PSYoungGen      total 98304K, used 41143K [0x00000000daf00000, 0x00000000e1e00000, 0x0000000100000000)
  eden space 89600K, 36% used [0x00000000daf00000,0x00000000dceae3d0,0x00000000e0680000)
  from space 8704K, 99% used [0x00000000e1200000,0x00000000e1a7f990,0x00000000e1a80000)
  to   space 11776K, 0% used [0x00000000e0680000,0x00000000e0680000,0x00000000e1200000)
 ParOldGen       total 48640K, used 11501K [0x0000000090c00000, 0x0000000093b80000, 0x00000000daf00000)
  object space 48640K, 23% used [0x0000000090c00000,0x000000009173b430,0x0000000093b80000)
 Metaspace       used 33714K, capacity 35300K, committed 35416K, reserved 1079296K
  class space    used 4337K, capacity 4609K, committed 4696K, reserved 1048576K
Event: 14.294 GC heap after
Heap after GC invocations=8 (full 1):
 PSYoungGen      total 101376K, used 11511K [0x00000000daf00000, 0x00000000e5680000, 0x0000000100000000)
  eden space 89600K, 0% used [0x00000000daf00000,0x00000000daf00000,0x00000000e0680000)
  from space 11776K, 97% used [0x00000000e0680000,0x00000000e11bdd40,0x00000000e1200000)
  to   space 13312K, 0% used [0x00000000e4980000,0x00000000e4980000,0x00000000e5680000)
 ParOldGen       total 48640K, used 11509K [0x0000000090c00000, 0x0000000093b80000, 0x00000000daf00000)
  object space 48640K, 23% used [0x0000000090c00000,0x000000009173d430,0x0000000093b80000)
 Metaspace       used 33714K, capacity 35300K, committed 35416K, reserved 1079296K
  class space    used 4337K, capacity 4609K, committed 4696K, reserved 1048576K
}
Event: 14.295 GC heap before
{Heap before GC invocations=9 (full 2):
 PSYoungGen      total 101376K, used 11511K [0x00000000daf00000, 0x00000000e5680000, 0x0000000100000000)
  eden space 89600K, 0% used [0x00000000daf00000,0x00000000daf00000,0x00000000e0680000)
  from space 11776K, 97% used [0x00000000e0680000,0x00000000e11bdd40,0x00000000e1200000)
  to   space 13312K, 0% used [0x00000000e4980000,0x00000000e4980000,0x00000000e5680000)
 ParOldGen       total 48640K, used 11509K [0x0000000090c00000, 0x0000000093b80000, 0x00000000daf00000)
  object space 48640K, 23% used [0x0000000090c00000,0x000000009173d430,0x0000000093b80000)
 Metaspace       used 33714K, capacity 35300K, committed 35416K, reserved 1079296K
  class space    used 4337K, capacity 4609K, committed 4696K, reserved 1048576K
Event: 14.474 GC heap after
Heap after GC invocations=9 (full 2):
 PSYoungGen      total 101376K, used 0K [0x00000000daf00000, 0x00000000e5680000, 0x0000000100000000)
  eden space 89600K, 0% used [0x00000000daf00000,0x00000000daf00000,0x00000000e0680000)
  from space 11776K, 0% used [0x00000000e0680000,0x00000000e0680000,0x00000000e1200000)
  to   space 13312K, 0% used [0x00000000e4980000,0x00000000e4980000,0x00000000e5680000)
 ParOldGen       total 77824K, used 16101K [0x0000000090c00000, 0x0000000095800000, 0x00000000daf00000)
  object space 77824K, 20% used [0x0000000090c00000,0x0000000091bb9440,0x0000000095800000)
 Metaspace       used 33714K, capacity 35300K, committed 35416K, reserved 1079296K
  class space    used 4337K, capacity 4609K, committed 4696K, reserved 1048576K
}
Event: 1464.340 GC heap before
{Heap before GC invocations=10 (full 2):
 PSYoungGen      total 101376K, used 57891K [0x00000000daf00000, 0x00000000e5680000, 0x0000000100000000)
  eden space 89600K, 64% used [0x00000000daf00000,0x00000000de788d70,0x00000000e0680000)
  from space 11776K, 0% used [0x00000000e0680000,0x00000000e0680000,0x00000000e1200000)
  to   space 13312K, 0% used [0x00000000e4980000,0x00000000e4980000,0x00000000e5680000)
 ParOldGen       total 77824K, used 16101K [0x0000000090c00000, 0x0000000095800000, 0x00000000daf00000)
  object space 77824K, 20% used [0x0000000090c00000,0x0000000091bb9440,0x0000000095800000)
 Metaspace       used 35956K, capacity 37728K, committed 37976K, reserved 1083392K
  class space    used 4635K, capacity 4946K, committed 4952K, reserved 1048576K
Event: 1464.374 GC heap after
Heap after GC invocations=10 (full 2):
 PSYoungGen      total 146944K, used 2280K [0x00000000daf00000, 0x00000000e5180000, 0x0000000100000000)
  eden space 138752K, 0% used [0x00000000daf00000,0x00000000daf00000,0x00000000e3680000)
  from space 8192K, 27% used [0x00000000e4980000,0x00000000e4bba190,0x00000000e5180000)
  to   space 13824K, 0% used [0x00000000e3680000,0x00000000e3680000,0x00000000e4400000)
 ParOldGen       total 77824K, used 16109K [0x0000000090c00000, 0x0000000095800000, 0x00000000daf00000)
  object space 77824K, 20% used [0x0000000090c00000,0x0000000091bbb440,0x0000000095800000)
 Metaspace       used 35956K, capacity 37728K, committed 37976K, reserved 1083392K
  class space    used 4635K, capacity 4946K, committed 4952K, reserved 1048576K
}
Event: 1464.374 GC heap before
{Heap before GC invocations=11 (full 3):
 PSYoungGen      total 146944K, used 2280K [0x00000000daf00000, 0x00000000e5180000, 0x0000000100000000)
  eden space 138752K, 0% used [0x00000000daf00000,0x00000000daf00000,0x00000000e3680000)
  from space 8192K, 27% used [0x00000000e4980000,0x00000000e4bba190,0x00000000e5180000)
  to   space 13824K, 0% used [0x00000000e3680000,0x00000000e3680000,0x00000000e4400000)
 ParOldGen       total 77824K, used 16109K [0x0000000090c00000, 0x0000000095800000, 0x00000000daf00000)
  object space 77824K, 20% used [0x0000000090c00000,0x0000000091bbb440,0x0000000095800000)
 Metaspace       used 35956K, capacity 37728K, committed 37976K, reserved 1083392K
  class space    used 4635K, capacity 4946K, committed 4952K, reserved 1048576K
Event: 1464.701 GC heap after
Heap after GC invocations=11 (full 3):
 PSYoungGen      total 146944K, used 0K [0x00000000daf00000, 0x00000000e5180000, 0x0000000100000000)
  eden space 138752K, 0% used [0x00000000daf00000,0x00000000daf00000,0x00000000e3680000)
  from space 8192K, 0% used [0x00000000e4980000,0x00000000e4980000,0x00000000e5180000)
  to   space 13824K, 0% used [0x00000000e3680000,0x00000000e3680000,0x00000000e4400000)
 ParOldGen       total 77824K, used 16264K [0x0000000090c00000, 0x0000000095800000, 0x00000000daf00000)
  object space 77824K, 20% used [0x0000000090c00000,0x0000000091be20d0,0x0000000095800000)
 Metaspace       used 35956K, capacity 37728K, committed 37976K, reserved 1083392K
  class space    used 4635K, capacity 4946K, committed 4952K, reserved 1048576K
}

